0 info it worked if it ends with ok
1 verbose cli [ '/usr/local/bin/node',
1 verbose cli   '/usr/local/bin/npm',
1 verbose cli   'install',
1 verbose cli   '--unsafe-perm' ]
2 info using npm@3.10.3
3 info using node@v6.3.0
4 silly loadCurrentTree Starting
5 silly install loadCurrentTree
6 silly install readLocalPackageData
7 silly install normalizeTree
8 silly loadCurrentTree Finishing
9 silly loadIdealTree Starting
10 silly install loadIdealTree
11 silly cloneCurrentTree Starting
12 silly install cloneCurrentTreeToIdealTree
13 silly cloneCurrentTree Finishing
14 silly loadShrinkwrap Starting
15 silly install loadShrinkwrap
16 silly loadShrinkwrap Finishing
17 silly loadAllDepsIntoIdealTree Starting
18 silly install loadAllDepsIntoIdealTree
19 silly loadAllDepsIntoIdealTree Finishing
20 silly loadIdealTree Finishing
21 silly currentTree countly-push@1.0.0
21 silly currentTree ├── flat@1.3.0
21 silly currentTree ├── lodash@2.4.1
21 silly currentTree ├── merge@1.2.0
21 silly currentTree ├── node-forge@0.6.38
21 silly currentTree ├── q@1.0.1
21 silly currentTree └── retry@0.6.1
22 silly idealTree countly-push@1.0.0
22 silly idealTree ├── flat@1.3.0
22 silly idealTree ├── lodash@2.4.1
22 silly idealTree ├── merge@1.2.0
22 silly idealTree ├── node-forge@0.6.38
22 silly idealTree ├── q@1.0.1
22 silly idealTree └── retry@0.6.1
23 silly generateActionsToTake Starting
24 silly install generateActionsToTake
25 silly generateActionsToTake Finishing
26 silly diffTrees action count 0
27 silly decomposeActions action count 0
28 silly executeActions Starting
29 silly install executeActions
30 silly doSerial global-install 0
31 silly doParallel fetch 0
32 verbose correctMkdir /Users/bruceliu/.npm/_locks correctMkdir not in flight; initializing
33 verbose lock using /Users/bruceliu/.npm/_locks/staging-31de0c6726de1521.lock for /Users/bruceliu/workspace/javascript/apmbackend/plugins/push/node_modules/.staging
34 silly doParallel extract 0
35 silly doParallel preinstall 0
36 silly doReverseSerial remove 0
37 silly doSerial move 0
38 silly doSerial finalize 0
39 silly doSerial build 0
40 silly doSerial global-link 0
41 silly doParallel update-linked 0
42 silly doSerial install 0
43 silly doSerial postinstall 0
44 verbose unlock done using /Users/bruceliu/.npm/_locks/staging-31de0c6726de1521.lock for /Users/bruceliu/workspace/javascript/apmbackend/plugins/push/node_modules/.staging
45 silly executeActions Finishing
46 silly rollbackFailedOptional Starting
47 silly rollbackFailedOptional Finishing
48 silly runTopLevelLifecycles Starting
49 silly install runTopLevelLifecycles
50 silly preinstall countly-push@1.0.0 /Users/bruceliu/workspace/javascript/apmbackend/plugins/push/countly-push-f5b59b1b
51 info lifecycle countly-push@1.0.0~preinstall: countly-push@1.0.0
52 silly lifecycle countly-push@1.0.0~preinstall: no script for preinstall, continuing
53 silly build countly-push@1.0.0
54 info linkStuff countly-push@1.0.0
55 silly linkStuff countly-push@1.0.0 has /Users/bruceliu/workspace/javascript/apmbackend/plugins as its parent node_modules
56 verbose linkBins countly-push@1.0.0
57 verbose linkMans countly-push@1.0.0
58 silly install countly-push@1.0.0 /Users/bruceliu/workspace/javascript/apmbackend/plugins/push/countly-push-f5b59b1b
59 info lifecycle countly-push@1.0.0~install: countly-push@1.0.0
60 silly lifecycle countly-push@1.0.0~install: no script for install, continuing
61 silly postinstall countly-push@1.0.0 /Users/bruceliu/workspace/javascript/apmbackend/plugins/push/countly-push-f5b59b1b
62 info lifecycle countly-push@1.0.0~postinstall: countly-push@1.0.0
63 verbose lifecycle countly-push@1.0.0~postinstall: unsafe-perm in lifecycle true
64 verbose lifecycle countly-push@1.0.0~postinstall: PATH: /usr/local/lib/node_modules/npm/bin/node-gyp-bin:/Users/bruceliu/workspace/javascript/apmbackend/plugins/push/node_modules/.bin:/usr/local/bin:/opt/local/bin:/opt/local/sbin:/usr/local/bin:/usr/bin:/bin:/usr/sbin:/sbin:/usr/local/homebrew/bin
65 verbose lifecycle countly-push@1.0.0~postinstall: CWD: /Users/bruceliu/workspace/javascript/apmbackend/plugins/push
66 silly lifecycle countly-push@1.0.0~postinstall: Args: [ '-c', 'cd ./api/parts/apn && npm install' ]
67 silly lifecycle countly-push@1.0.0~postinstall: Returned: code: 1  signal: null
68 info lifecycle countly-push@1.0.0~postinstall: Failed to exec postinstall script
69 verbose stack Error: countly-push@1.0.0 postinstall: `cd ./api/parts/apn && npm install`
69 verbose stack Exit status 1
69 verbose stack     at EventEmitter.<anonymous> (/usr/local/lib/node_modules/npm/lib/utils/lifecycle.js:242:16)
69 verbose stack     at emitTwo (events.js:106:13)
69 verbose stack     at EventEmitter.emit (events.js:191:7)
69 verbose stack     at ChildProcess.<anonymous> (/usr/local/lib/node_modules/npm/lib/utils/spawn.js:40:14)
69 verbose stack     at emitTwo (events.js:106:13)
69 verbose stack     at ChildProcess.emit (events.js:191:7)
69 verbose stack     at maybeClose (internal/child_process.js:852:16)
69 verbose stack     at Process.ChildProcess._handle.onexit (internal/child_process.js:215:5)
70 verbose pkgid countly-push@1.0.0
71 verbose cwd /Users/bruceliu/workspace/javascript/apmbackend/plugins/push
72 error Darwin 15.6.0
73 error argv "/usr/local/bin/node" "/usr/local/bin/npm" "install" "--unsafe-perm"
74 error node v6.3.0
75 error npm  v3.10.3
76 error code ELIFECYCLE
77 error countly-push@1.0.0 postinstall: `cd ./api/parts/apn && npm install`
77 error Exit status 1
78 error Failed at the countly-push@1.0.0 postinstall script 'cd ./api/parts/apn && npm install'.
78 error Make sure you have the latest version of node.js and npm installed.
78 error If you do, this is most likely a problem with the countly-push package,
78 error not with npm itself.
78 error Tell the author that this fails on your system:
78 error     cd ./api/parts/apn && npm install
78 error You can get information on how to open an issue for this project with:
78 error     npm bugs countly-push
78 error Or if that isn't available, you can get their info via:
78 error     npm owner ls countly-push
78 error There is likely additional logging output above.
79 verbose exit [ 1, true ]
